Flow report for ultra_top
Fri May 22 16:56:22 2026
Quartus II 64-Bit Version 13.0.1 Build 232 06/12/2013 Service Pack 1 SJ Full Version


---------------------
; Table of Contents ;
---------------------
  1. Legal Notice
  2. Flow Summary
  3. Flow Settings
  4. Flow Non-Default Global Settings
  5. Flow Elapsed Time
  6. Flow OS Summary
  7. Flow Log
  8. Flow Messages
  9. Flow Suppressed Messages



----------------
; Legal Notice ;
----------------
Copyright (C) 1991-2013 Altera Corporation
Your use of Altera Corporation's design tools, logic functions 
and other software and tools, and its AMPP partner logic 
functions, and any output files from any of the foregoing 
(including device programming or simulation files), and any 
associated documentation or information are expressly subject 
to the terms and conditions of the Altera Program License 
Subscription Agreement, Altera MegaCore Function License 
Agreement, or other applicable license agreement, including, 
without limitation, that your use is for the sole purpose of 
programming logic devices manufactured by Altera and sold by 
Altera or its authorized distributors.  Please refer to the 
applicable agreement for further details.



+------------------------------------------------------------------------------+
; Flow Summary                                                                 ;
+---------------------------+--------------------------------------------------+
; Flow Status               ; Successful - Fri May 22 16:56:21 2026            ;
; Quartus II 64-Bit Version ; 13.0.1 Build 232 06/12/2013 SP 1 SJ Full Version ;
; Revision Name             ; ultra_top                                        ;
; Top-level Entity Name     ; ultra_top                                        ;
; Family                    ; Cyclone                                          ;
; Device                    ; EP1C3T144C8                                      ;
; Timing Models             ; Final                                            ;
; Total logic elements      ; 546 / 2,910 ( 19 % )                             ;
; Total pins                ; 17 / 104 ( 16 % )                                ;
; Total virtual pins        ; 0                                                ;
; Total memory bits         ; 0 / 59,904 ( 0 % )                               ;
; Total PLLs                ; 0 / 1 ( 0 % )                                    ;
+---------------------------+--------------------------------------------------+


+-----------------------------------------+
; Flow Settings                           ;
+-------------------+---------------------+
; Option            ; Setting             ;
+-------------------+---------------------+
; Start date & time ; 05/22/2026 16:56:14 ;
; Main task         ; Compilation         ;
; Revision Name     ; ultra_top           ;
+-------------------+---------------------+


+------------------------------------------------------------------------------------------------------------------+
; Flow Non-Default Global Settings                                                                                 ;
+-------------------------------------+---------------------------------+---------------+-------------+------------+
; Assignment Name                     ; Value                           ; Default Value ; Entity Name ; Section Id ;
+-------------------------------------+---------------------------------+---------------+-------------+------------+
; COMPILER_SIGNATURE_ID               ; 229441595793137.177944017455488 ; --            ; --          ; --         ;
; PARTITION_COLOR                     ; 16764057                        ; --            ; --          ; Top        ;
; PARTITION_FITTER_PRESERVATION_LEVEL ; PLACEMENT_AND_ROUTING           ; --            ; --          ; Top        ;
; PARTITION_NETLIST_TYPE              ; SOURCE                          ; --            ; --          ; Top        ;
; PROJECT_OUTPUT_DIRECTORY            ; output_files                    ; --            ; --          ; --         ;
+-------------------------------------+---------------------------------+---------------+-------------+------------+


+-------------------------------------------------------------------------------------------------------------------------------+
; Flow Elapsed Time                                                                                                             ;
+---------------------------+--------------+-------------------------+---------------------+------------------------------------+
; Module Name               ; Elapsed Time ; Average Processors Used ; Peak Virtual Memory ; Total CPU Time (on all processors) ;
+---------------------------+--------------+-------------------------+---------------------+------------------------------------+
; Analysis & Synthesis      ; 00:00:02     ; 1.0                     ; 4594 MB             ; 00:00:02                           ;
; Fitter                    ; 00:00:03     ; 1.0                     ; 5544 MB             ; 00:00:04                           ;
; Assembler                 ; 00:00:01     ; 1.0                     ; 4532 MB             ; 00:00:00                           ;
; TimeQuest Timing Analyzer ; 00:00:00     ; 1.0                     ; 4567 MB             ; 00:00:01                           ;
; Total                     ; 00:00:06     ; --                      ; --                  ; 00:00:07                           ;
+---------------------------+--------------+-------------------------+---------------------+------------------------------------+


+----------------------------------------------------------------------------------------+
; Flow OS Summary                                                                        ;
+---------------------------+------------------+-----------+------------+----------------+
; Module Name               ; Machine Hostname ; OS Name   ; OS Version ; Processor type ;
+---------------------------+------------------+-----------+------------+----------------+
; Analysis & Synthesis      ; DESKTOP-B01B6I0  ; Windows 7 ; 6.2        ; x86_64         ;
; Fitter                    ; DESKTOP-B01B6I0  ; Windows 7 ; 6.2        ; x86_64         ;
; Assembler                 ; DESKTOP-B01B6I0  ; Windows 7 ; 6.2        ; x86_64         ;
; TimeQuest Timing Analyzer ; DESKTOP-B01B6I0  ; Windows 7 ; 6.2        ; x86_64         ;
+---------------------------+------------------+-----------+------------+----------------+


------------
; Flow Log ;
------------
quartus_map --read_settings_files=on --write_settings_files=off ultra_top -c ultra_top
quartus_fit --read_settings_files=off --write_settings_files=off ultra_top -c ultra_top
quartus_asm --read_settings_files=off --write_settings_files=off ultra_top -c ultra_top
quartus_sta ultra_top -c ultra_top



